# JRE version: OpenJDK Runtime Environment Corretto-11.0.17.8.1 (11.0.17+8) (build 11.0.17+8-LTS)
# Java VM: OpenJDK 64-Bit Server VM Corretto-11.0.17.8.1 (11.0.17+8-LTS, mixed mode, tiered, compressed oops, g1 gc, windows-amd64)
Heap:
 garbage-first heap   total 120832K, used 54692K [0x00000000a0e00000, 0x0000000100000000)
  region size 1024K, 39 young (39936K), 4 survivors (4096K)
 Metaspace       used 62983K, capacity 64558K, committed 64768K, reserved 1105920K
  class space    used 7946K, capacity 8582K, committed 8704K, reserved 1048576K
GC Heap History (18 events):
Event: 1.373 GC heap before
{Heap before GC invocations=0 (full 0):
 garbage-first heap   total 98304K, used 24576K [0x00000000a0e00000, 0x0000000100000000)
  region size 1024K, 24 young (24576K), 0 survivors (0K)
 Metaspace       used 12177K, capacity 12450K, committed 12672K, reserved 1060864K
  class space    used 1196K, capacity 1286K, committed 1408K, reserved 1048576K
}
Event: 1.395 GC heap after
{Heap after GC invocations=1 (full 0):
 garbage-first heap   total 98304K, used 6545K [0x00000000a0e00000, 0x0000000100000000)
  region size 1024K, 3 young (3072K), 3 survivors (3072K)
 Metaspace       used 12177K, capacity 12450K, committed 12672K, reserved 1060864K
  class space    used 1196K, capacity 1286K, committed 1408K, reserved 1048576K
}
Event: 2.220 GC heap before
{Heap before GC invocations=1 (full 0):
 garbage-first heap   total 98304K, used 27025K [0x00000000a0e00000, 0x0000000100000000)
  region size 1024K, 23 young (23552K), 3 survivors (3072K)
 Metaspace       used 16976K, capacity 17369K, committed 17664K, reserved 1064960K
  class space    used 1822K, capacity 1979K, committed 2048K, reserved 1048576K
}
Event: 2.225 GC heap after
{Heap after GC invocations=2 (full 0):
 garbage-first heap   total 98304K, used 7578K [0x00000000a0e00000, 0x0000000100000000)
  region size 1024K, 2 young (2048K), 2 survivors (2048K)
 Metaspace       used 16976K, capacity 17369K, committed 17664K, reserved 1064960K
  class space    used 1822K, capacity 1979K, committed 2048K, reserved 1048576K
}
Event: 2.737 GC heap before
{Heap before GC invocations=2 (full 0):
 garbage-first heap   total 98304K, used 29082K [0x00000000a0e00000, 0x0000000100000000)
  region size 1024K, 25 young (25600K), 2 survivors (2048K)
 Metaspace       used 20780K, capacity 21192K, committed 21248K, reserved 1069056K
  class space    used 2332K, capacity 2504K, committed 2560K, reserved 1048576K
}
Event: 2.742 GC heap after
{Heap after GC invocations=3 (full 0):
 garbage-first heap   total 98304K, used 8326K [0x00000000a0e00000, 0x0000000100000000)
  region size 1024K, 2 young (2048K), 2 survivors (2048K)
 Metaspace       used 20780K, capacity 21192K, committed 21248K, reserved 1069056K
  class space    used 2332K, capacity 2504K, committed 2560K, reserved 1048576K
}
Event: 4.701 GC heap before
{Heap before GC invocations=4 (full 0):
 garbage-first heap   total 98304K, used 54406K [0x00000000a0e00000, 0x0000000100000000)
  region size 1024K, 48 young (49152K), 2 survivors (2048K)
 Metaspace       used 27526K, capacity 28152K, committed 28288K, reserved 1075200K
  class space    used 3166K, capacity 3417K, committed 3456K, reserved 1048576K
}
Event: 4.712 GC heap after
{Heap after GC invocations=5 (full 0):
 garbage-first heap   total 98304K, used 10466K [0x00000000a0e00000, 0x0000000100000000)
  region size 1024K, 4 young (4096K), 4 survivors (4096K)
 Metaspace       used 27526K, capacity 28152K, committed 28288K, reserved 1075200K
  class space    used 3166K, capacity 3417K, committed 3456K, reserved 1048576K
}
Event: 6.578 GC heap before
{Heap before GC invocations=5 (full 0):
 garbage-first heap   total 98304K, used 60642K [0x00000000a0e00000, 0x0000000100000000)
  region size 1024K, 53 young (54272K), 4 survivors (4096K)
 Metaspace       used 33132K, capacity 33943K, committed 34304K, reserved 1079296K
  class space    used 3907K, capacity 4229K, committed 4352K, reserved 1048576K
}
Event: 6.598 GC heap after
{Heap after GC invocations=6 (full 0):
 garbage-first heap   total 98304K, used 12177K [0x00000000a0e00000, 0x0000000100000000)
  region size 1024K, 5 young (5120K), 5 survivors (5120K)
 Metaspace       used 33132K, capacity 33943K, committed 34304K, reserved 1079296K
  class space    used 3907K, capacity 4229K, committed 4352K, reserved 1048576K
}
Event: 7.408 GC heap before
{Heap before GC invocations=6 (full 0):
 garbage-first heap   total 98304K, used 24465K [0x00000000a0e00000, 0x0000000100000000)
  region size 1024K, 18 young (18432K), 5 survivors (5120K)
 Metaspace       used 34926K, capacity 35744K, committed 35840K, reserved 1081344K
  class space    used 4157K, capacity 4464K, committed 4480K, reserved 1048576K
}
Event: 7.459 GC heap after
{Heap after GC invocations=7 (full 0):
 garbage-first heap   total 98304K, used 13268K [0x00000000a0e00000, 0x0000000100000000)
  region size 1024K, 4 young (4096K), 4 survivors (4096K)
 Metaspace       used 34926K, capacity 35744K, committed 35840K, reserved 1081344K
  class space    used 4157K, capacity 4464K, committed 4480K, reserved 1048576K
}
Event: 10.292 GC heap before
{Heap before GC invocations=8 (full 0):
 garbage-first heap   total 98304K, used 60372K [0x00000000a0e00000, 0x0000000100000000)
  region size 1024K, 50 young (51200K), 4 survivors (4096K)
 Metaspace       used 43412K, capacity 44488K, committed 44800K, reserved 1089536K
  class space    used 5116K, capacity 5567K, committed 5632K, reserved 1048576K
}
Event: 10.308 GC heap after
{Heap after GC invocations=9 (full 0):
 garbage-first heap   total 120832K, used 16939K [0x00000000a0e00000, 0x0000000100000000)
  region size 1024K, 7 young (7168K), 7 survivors (7168K)
 Metaspace       used 43412K, capacity 44488K, committed 44800K, reserved 1089536K
  class space    used 5116K, capacity 5567K, committed 5632K, reserved 1048576K
}
Event: 13.240 GC heap before
{Heap before GC invocations=9 (full 0):
 garbage-first heap   total 120832K, used 73259K [0x00000000a0e00000, 0x0000000100000000)
  region size 1024K, 62 young (63488K), 7 survivors (7168K)
 Metaspace       used 53655K, capacity 54896K, committed 55040K, reserved 1097728K
  class space    used 6612K, capacity 7094K, committed 7168K, reserved 1048576K
}
Event: 13.271 GC heap after
{Heap after GC invocations=10 (full 0):
 garbage-first heap   total 120832K, used 18874K [0x00000000a0e00000, 0x0000000100000000)
  region size 1024K, 6 young (6144K), 6 survivors (6144K)
 Metaspace       used 53655K, capacity 54896K, committed 55040K, reserved 1097728K
  class space    used 6612K, capacity 7094K, committed 7168K, reserved 1048576K
}
Event: 14.339 GC heap before
{Heap before GC invocations=10 (full 0):
 garbage-first heap   total 120832K, used 46522K [0x00000000a0e00000, 0x0000000100000000)
  region size 1024K, 34 young (34816K), 6 survivors (6144K)
 Metaspace       used 58570K, capacity 59886K, committed 59904K, reserved 1101824K
  class space    used 7397K, capacity 7921K, committed 7936K, reserved 1048576K
}
Event: 14.347 GC heap after
{Heap after GC invocations=11 (full 0):
 garbage-first heap   total 120832K, used 19876K [0x00000000a0e00000, 0x0000000100000000)
  region size 1024K, 4 young (4096K), 4 survivors (4096K)
 Metaspace       used 58570K, capacity 59886K, committed 59904K, reserved 1101824K
  class space    used 7397K, capacity 7921K, committed 7936K, reserved 1048576K
}

